{"C:\\Users\\Dell\\project-learning\\testing\\Learning-Testing\\app.js": {"path":"C:\\Users\\Dell\\project-learning\\testing\\Learning-Testing\\app.js","statementMap":{"0":{"start":{"line":1,"column":15},"end":{"line":6,"column":1}},"1":{"start":{"line":9,"column":2},"end":{"line":9,"column":46}},"2":{"start":{"line":9,"column":31},"end":{"line":9,"column":44}},"3":{"start":{"line":12,"column":0},"end":{"line":12,"column":30}}},"fnMap":{"0":{"name":"sortedPeople","decl":{"start":{"line":8,"column":9},"end":{"line":8,"column":21}},"loc":{"start":{"line":8,"column":24},"end":{"line":10,"column":1}},"line":8},"1":{"name":"(anonymous_1)","decl":{"start":{"line":9,"column":21},"end":{"line":9,"column":22}},"loc":{"start":{"line":9,"column":31},"end":{"line":9,"column":44}},"line":9}},"branchMap":{},"s":{"0":1,"1":2,"2":9,"3":1},"f":{"0":2,"1":9},"b":{},"_coverageSchema":"1a1c01bbd47fc00a2c39e90264f33305004495a9","hash":"2546019fa42c471f60f9ab345d30b668f940d871"}
}
